Logging started @ 2014-06-11 06:26
DLL Compiled: Dec 11 2009 10:15:10

Firmware: J-Link ARM V8 compiled Sep  2 2011 17:54:36
Hardware: V8.00
S/N: 99999994
Feature(s): RDI,FlashDL,FlashBP,JFlash,GDBFULL  returns O.K. (0064ms, 0000ms total)
T1BF4 000:065 JLINKARM_GetDLLVersion()  returns 41005 (0000ms, 0064ms total)
T1BF4 000:066 JLINKARM_GetCompileDateTime() (0000ms, 0064ms total)
T1BF4 000:067 JLINKARM_GetFirmwareString(...) (0000ms, 0064ms total)
T1BF4 000:068 JLINKARM_TIF_Select(JLINKARM_TIF_SWD)  returns 0x00 (0002ms, 0064ms total)
T1BF4 000:070 JLINKARM_SelectDeviceFamily(3) (0000ms, 0066ms total)
T1BF4 000:070 JLINKARM_SetSpeed(32) (0001ms, 0066ms total)
T1BF4 000:071 JLINKARM_SetResetDelay(0) (0000ms, 0067ms total)
T1BF4 000:071 JLINKARM_ResetPullsRESET(ON) (0000ms, 0067ms total)
T1BF4 000:071 JLINKARM_Reset() >0x108 TIF>Found SWD-DP with ID 0x1BA01477 >0x33 TIF> >0x33 TIF> >0x35 TIF> >0x33 TIF> >0x33 TIF> >0x35 TIF> >0x66 TIF> >0x66 TIF> >0x35 TIF> >0x16D TIF> >0xD0 TIF> >0x16D TIF> >0xD0 TIF>TPIU fitted. >0xD0 TIF>ETM fitted. >0xD0 TIF>  FPUnit: 6 code (BP) slots and 2 literal slots >0xD0 TIF> (0324ms, 0067ms total)
T1BF4 000:395 JLINKARM_Halt()  returns 0x00 (0010ms, 0391ms total)

                JLINKARM_AddMirrorAreaEx(Addr = 0x00000000, Size = 0x00000000) (0000ms, 0000ms total)
              JLINKARM_IsHalted() >0x108 TIF>Found SWD-DP with ID 0x1BA01477 >0x33 TIF> >0x33 TIF> >0x35 TIF> >0x33 TIF> >0x35 TIF> >0x33 TIF> >0x33 TIF> >0x35 TIF> >0x66 TIF> >0x66 TIF> >0x35 TIF> >0x16D TIF> >0xD0 TIF> >0xD0 TIF>TPIU fitted. >0xD0 TIF>ETM fitted. >0xD0 TIF>  FPUnit: 6 code (BP) slots and 2 literal slots >0xD0 TIF>  returns TRUE (0104ms, 0406ms total)
T1BF4 000:515 JLINKARM_ReadMemU32(0xE000ED00, 0x0001 Items, ...) -- CPU_ReadMem(4 bytes @ 0xE000ED00) -- Data:  31 C2 1F 41  returns 0x01 (0010ms, 0406ms total)
T1BF4 000:525 JLINKARM_ReadMemU32(0xE0042000, 0x0001 Items, ...) -- CPU_ReadMem(4 bytes @ 0xE0042000) -- Data:  14 64 01 10  returns 0x01 (0010ms, 0416ms total)
T1BF4 000:535 JLINKARM_GetEmuCaps()  returns 0xB9FF7BBF (0000ms, 0426ms total)
T1BF4 000:535 JLINKARM_GetEmuCaps()  returns 0xB9FF7BBF (0000ms, 0426ms total)
T1BF4 000:544 JLINKARM_SWO_Control(JLINKARM_SWO_CMD_GET_SPEED_INFO, ...)  returns 0x00 (0001ms, 0426ms total)
T1BF4 000:558 JLINKARM_BeginDownload(Flags = 0x01) (0000ms, 0427ms total)
T1BF4 000:558 JLINKARM_WriteMem(0x40021004, 0x0004 Bytes, ...) -- Data:  00 00 00 00 -- CPU_WriteMem(4 bytes @ 0x40021004)  returns 0x04 (0008ms, 0427ms total)
T1BF4 000:566 JLINKARM_EndDownload() (0000ms, 0435ms total)
T1BF4 000:566 JLINKARM_BeginDownload(Flags = 0x01) (0000ms, 0435ms total)
T1BF4 000:566 JLINKARM_WriteMem(0x40021000, 0x0004 Bytes, ...) -- Data:  81 00 01 00 -- CPU_WriteMem(4 bytes @ 0x40021000)  returns 0x04 (0009ms, 0435ms total)
T1BF4 000:575 JLINKARM_EndDownload() (0000ms, 0444ms total)
T1BF4 000:575 JLINKARM_BeginDownload(Flags = 0x01) (0000ms, 0444ms total)
T1BF4 000:575 JLINKARM_WriteMem(0x40021008, 0x0004 Bytes, ...) -- Data:  00 00 00 00 -- CPU_WriteMem(4 bytes @ 0x40021008)  returns 0x04 (0009ms, 0444ms total)
T1BF4 000:584 JLINKARM_EndDownload() (0000ms, 0453ms total)
T1BF4 000:584 JLINKARM_BeginDownload(Flags = 0x01) (0000ms, 0453ms total)
T1BF4 000:584 JLINKARM_WriteMem(0x40022004, 0x0004 Bytes, ...) -- Data:  23 01 67 45 -- CPU_WriteMem(4 bytes @ 0x40022004)  returns 0x04 (0009ms, 0453ms total)
T1BF4 000:593 JLINKARM_EndDownload() (0000ms, 0462ms total)
T1BF4 000:593 JLINKARM_BeginDownload(Flags = 0x01) (0000ms, 0462ms total)
T1BF4 000:593 JLINKARM_WriteMem(0x40022004, 0x0004 Bytes, ...) -- Data:  AB 89 EF CD -- CPU_WriteMem(4 bytes @ 0x40022004)  returns 0x04 (0009ms, 0462ms total)
T1BF4 000:602 JLINKARM_EndDownload() (0000ms, 0471ms total)
T1BF4 000:602 JLINKARM_BeginDownload(Flags = 0x01) (0000ms, 0471ms total)
T1BF4 000:602 JLINKARM_WriteMem(0x40022000, 0x0004 Bytes, ...) -- Data:  00 00 00 00 -- CPU_WriteMem(4 bytes @ 0x40022000)  returns 0x04 (0008ms, 0471ms total)
T1BF4 000:610 JLINKARM_EndDownload() (0000ms, 0479ms total)
T1BF4 000:610 JLINKARM_BeginDownload(Flags = 0x01) (0000ms, 0479ms total)
T1BF4 000:610 JLINKARM_WriteMem(0x40022010, 0x0004 Bytes, ...) -- Data:  00 00 00 00 -- CPU_WriteMem(4 bytes @ 0x40022010)  returns 0x04 (0009ms, 0479ms total)
T1BF4 000:619 JLINKARM_EndDownload() (0000ms, 0488ms total)
T1BF4 000:619 JLINKARM_BeginDownload(Flags = 0x01) (0000ms, 0488ms total)
T1BF4 000:619 JLINKARM_WriteMem(0x4002200C, 0x0004 Bytes, ...) -- Data:  34 00 00 00 -- CPU_WriteMem(4 bytes @ 0x4002200C)  returns 0x04 (0009ms, 0488ms total)
T1BF4 000:628 JLINKARM_EndDownload() (0000ms, 0497ms total)
T1BF4 000:628 JLINKARM_GetSpeed()  returns 0x20 (0000ms, 0497ms total)
T1BF4 000:628 JLINKARM_SetMaxSpeed() (0001ms, 0497ms total)
T1BF4 000:637 JLINKARM_BeginDownload(Flags = 0x03) (0000ms, 0498ms total)
T1BF4 000:666 JLINKARM_WriteMem(0x20000000, 0x0008 Bytes, ...) -- Data:  00 80 00 20 25 01 00 20 -- CPU_WriteMem(8 bytes @ 0x20000000)  returns 0x08 (0001ms, 0498ms total)
T1BF4 000:667 JLINKARM_WriteMem(0x20000040, 0x01C0 Bytes, ...) -- Data:  00 20 70 47 30 B4 09 18 00 20 BA B1 13 4C 01 25 ... -- CPU_WriteMem(448 bytes @ 0x20000040)  returns 0x1C0 (0006ms, 0499ms total)
T1BF4 000:675 JLINKARM_EndDownload() (0000ms, 0505ms total)
T1BF4 000:675 JLINKARM_ReadMemU32(0x20000000, 0x0002 Items, ...) -- CPU_ReadMem(64 bytes @ 0x20000000) -- CPU_ReadMem(8 bytes @ 0x20000000) -- Data:  00 80 00 20 25 01 00 20  returns 0x02 (0003ms, 0505ms total)
T1BF4 000:678 JLINKARM_ReadMemU32(0x20000040, 0x0070 Items, ...) -- CPU_ReadMem(448 bytes @ 0x20000040) -- CPU_ReadMem(448 bytes @ 0x20000040) -- Data:  AA AA AA AA AA AA AA AA AA AA AA AA AA AA AA AA ...  returns 0xFFFFFFFF (0007ms, 0508ms total)

Closed
